<?xml version="1.0" encoding="UTF-8"?>
<testng-results ignored="0" total="1" passed="1" failed="0" skipped="0">
  <reporter-output>
  </reporter-output>
  <suite started-at="2026-05-28T15:06:21 IST" name="Default suite" finished-at="2026-05-28T15:06:44 IST" duration-ms="22576">
    <groups>
    </groups>
    <test started-at="2026-05-28T15:06:21 IST" name="Default test" finished-at="2026-05-28T15:06:44 IST" duration-ms="22576">
      <class name="test.SauceLabs">
        <test-method is-config="true" signature="setup()[pri:0, instance:test.SauceLabs@14dd9eb7]" started-at="2026-05-28T15:06:22 IST" name="setup" finished-at="2026-05-28T15:06:38 IST" duration-ms="16596" status="PASS">
          <reporter-output>
          </reporter-output>
        </test-method> <!-- setup -->
        <test-method signature="verifyValidLogin()[pri:0, instance:test.SauceLabs@14dd9eb7]" started-at="2026-05-28T15:06:38 IST" name="verifyValidLogin" finished-at="2026-05-28T15:06:43 IST" duration-ms="4644" status="PASS">
          <reporter-output>
          </reporter-output>
        </test-method> <!-- verifyValidLogin -->
        <test-method is-config="true" signature="tearDown()[pri:0, instance:test.SauceLabs@14dd9eb7]" started-at="2026-05-28T15:06:43 IST" name="tearDown" finished-at="2026-05-28T15:06:44 IST" duration-ms="1101" status="PASS">
          <reporter-output>
          </reporter-output>
        </test-method> <!-- tearDown -->
      </class> <!-- test.SauceLabs -->
    </test> <!-- Default test -->
  </suite> <!-- Default suite -->
</testng-results>
